<?xml version="1.0" encoding="UTF-8"?>
<testsuite xmlns:xsi="http://www.w3.org/2001/XMLSchema-instance" xsi:noNamespaceSchemaLocation="https://maven.apache.org/surefire/maven-surefire-plugin/xsd/surefire-test-report.xsd" version="3.0.1" name="com.circuitsim.AndGateTest" time="0.063" tests="3" errors="0" skipped="0" failures="0">
  <properties>
[...]
</properties>
  <testcase name="andGateShouldReturnFalseWhenOneInputIsFalse" classname="com.circuitsim.AndGateTest" time="0.025"/>
  <testcase name="andGateShouldReturnTrueWhenBothInputsAreTrue" classname="com.circuitsim.AndGateTest" time="0.0"/>
  <testcase name="andGateShouldUpdateWhenInputChanges" classname="com.circuitsim.AndGateTest" time="0.0"/>
</testsuite>