<?xml version="1.0" encoding="UTF-8"?>
<testsuite xmlns:xsi="http://www.w3.org/2001/XMLSchema-instance" xsi:noNamespaceSchemaLocation="https://maven.apache.org/surefire/maven-surefire-plugin/xsd/surefire-test-report.xsd" version="3.0.2" name="com.circuitsim.SimulationControllerTest" time="2.751" tests="1" errors="0" skipped="0" failures="0">
  <properties>
[...]
</properties>
  <testcase name="shouldSimulateHalfAdderThroughApi" classname="com.circuitsim.SimulationControllerTest" time="0.777">
    <system-out><![CDATA[12:18:10.139 [main] INFO org.springframework.test.context.support.AnnotationConfigContextLoaderUtils -- Could not detect default configuration classes for test class [com.circuitsim.SimulationControllerTest]: SimulationControllerTest does not declare any static, non-private, non-final, nested classes annotated with @Configuration.
12:18:10.286 [main] INFO org.springframework.boot.test.context.SpringBootTestContextBootstrapper -- Found @SpringBootConfiguration com.circuitsim.CircuitSimulatorApplication for test class com.circuitsim.SimulationControllerTest

  .   ____          _            __ _ _
 /\\ / ___'_ __ _ _(_)_ __  __ _ \ \ \ \
( ( )\___ | '_ | '_| | '_ \/ _` | \ \ \ \
 \\/  ___)| |_)| | | | | || (_| |  ) ) ) )
  '  |____| .__|_| |_|_| |_\__, | / / / /
 =========|_|==============|___/=/_/_/_/

 :: Spring Boot ::                (v3.5.5)

2026-08-30T12:18:10.736-04:00  INFO 5080 --- [           main] c.circuitsim.SimulationControllerTest    : Starting SimulationControllerTest using Java 17.0.15 with PID 5080 (started by kaiji in C:\dev\digital-circuit-simulator)
2026-08-30T12:18:10.740-04:00  INFO 5080 --- [           main] c.circuitsim.SimulationControllerTest    : No active profile set, falling back to 1 default profile: "default"
2026-08-30T12:18:11.918-04:00  INFO 5080 --- [           main] o.s.b.t.m.w.SpringBootMockServletContext : Initializing Spring TestDispatcherServlet ''
2026-08-30T12:18:11.918-04:00  INFO 5080 --- [           main] o.s.t.web.servlet.TestDispatcherServlet  : Initializing Servlet ''
2026-08-30T12:18:11.918-04:00  INFO 5080 --- [           main] o.s.t.web.servlet.TestDispatcherServlet  : Completed initialization in 0 ms
2026-08-30T12:18:11.940-04:00  INFO 5080 --- [           main] c.circuitsim.SimulationControllerTest    : Started SimulationControllerTest in 1.52 seconds (process running for 2.601)
]]></system-out>
  </testcase>
</testsuite>